\BOOKMARK [0][-]{Doc-Start}{摘要 }{}% 1
\BOOKMARK [0][-]{Doc-Start}{Abstract\040}{}% 2
\BOOKMARK [0][-]{Doc-Start}{目录 }{}% 3
\BOOKMARK [0][-]{chapter.1}{第一章 绪论}{}% 4
\BOOKMARK [1][-]{section.1.1}{第一节 网络链接预测的背景}{chapter.1}% 5
\BOOKMARK [1][-]{section.1.2}{第二节 链接预测的实际应用}{chapter.1}% 6
\BOOKMARK [2][-]{subsection.1.2.1}{1.2.1 链接预测在社交网络中的应用}{section.1.2}% 7
\BOOKMARK [2][-]{subsection.1.2.2}{1.2.2 链接预测在医学中的应用}{section.1.2}% 8
\BOOKMARK [2][-]{subsection.1.2.3}{1.2.3 链接预测在其他领域中的应用}{section.1.2}% 9
\BOOKMARK [1][-]{section.1.3}{第三节 国内外研究现状}{chapter.1}% 10
\BOOKMARK [2][-]{subsection.1.3.1}{1.3.1 基于相似度的方法}{section.1.3}% 11
\BOOKMARK [2][-]{subsection.1.3.2}{1.3.2 基于路径的方法}{section.1.3}% 12
\BOOKMARK [2][-]{subsection.1.3.3}{1.3.3 基于矩阵分解的方法}{section.1.3}% 13
\BOOKMARK [1][-]{section.1.4}{第四节 论文组织结构}{chapter.1}% 14
\BOOKMARK [0][-]{chapter.2}{第二章 协同线性流形学习算法介绍}{}% 15
\BOOKMARK [1][-]{section.2.1}{第一节 符号表示}{chapter.2}% 16
\BOOKMARK [1][-]{section.2.2}{第二节 线性流形学习}{chapter.2}% 17
\BOOKMARK [2][-]{subsection.2.2.1}{2.2.1 先验约束}{section.2.2}% 18
\BOOKMARK [2][-]{subsection.2.2.2}{2.2.2 重构线性流形}{section.2.2}% 19
\BOOKMARK [2][-]{subsection.2.2.3}{2.2.3 低秩约束}{section.2.2}% 20
\BOOKMARK [1][-]{section.2.3}{第三节 协同学习}{chapter.2}% 21
\BOOKMARK [1][-]{section.2.4}{第四节 本章小节}{chapter.2}% 22
\BOOKMARK [0][-]{chapter.3}{第三章 实验设计与分析}{}% 23
\BOOKMARK [1][-]{section.3.1}{第一节 实验数据与参数设置}{chapter.3}% 24
\BOOKMARK [2][-]{subsection.3.1.1}{3.1.1 评价指标}{section.3.1}% 25
\BOOKMARK [2][-]{subsection.3.1.2}{3.1.2 数据集介绍和交叉验证实验}{section.3.1}% 26
\BOOKMARK [2][-]{subsection.3.1.3}{3.1.3 对比算法}{section.3.1}% 27
\BOOKMARK [1][-]{section.3.2}{第二节 实验设计与分析}{chapter.3}% 28
\BOOKMARK [2][-]{subsection.3.2.1}{3.2.1 算法性能结果}{section.3.2}% 29
\BOOKMARK [2][-]{subsection.3.2.2}{3.2.2 后续检验}{section.3.2}% 30
\BOOKMARK [2][-]{subsection.3.2.3}{3.2.3 算法鲁棒性实验}{section.3.2}% 31
\BOOKMARK [2][-]{subsection.3.2.4}{3.2.4 节点度数与算法性能的关系}{section.3.2}% 32
\BOOKMARK [2][-]{subsection.3.2.5}{3.2.5 聚类系数与算法性能的关系}{section.3.2}% 33
\BOOKMARK [2][-]{subsection.3.2.6}{3.2.6 案例分析}{section.3.2}% 34
\BOOKMARK [2][-]{subsection.3.2.7}{3.2.7 本章小节}{section.3.2}% 35
\BOOKMARK [0][-]{chapter.4}{第四章 总结与展望}{}% 36
\BOOKMARK [0][-]{chapter.4}{致谢 }{}% 37
